<?xml version="1.0" encoding="UTF-8"?>
<testsuite xmlns:xsi="http://www.w3.org/2001/XMLSchema-instance" xsi:noNamespaceSchemaLocation="https://maven.apache.org/surefire/maven-surefire-plugin/xsd/surefire-test-report-3.0.xsd" version="3.0" name="studentmanager.gui.service.StudentServiceTest" time="2.006" tests="1" errors="0" skipped="0" failures="0">
  <properties>
[...]
</properties>
  <testcase name="addAndLoadStudent" classname="studentmanager.gui.service.StudentServiceTest" time="0.379">
    <system-out><![CDATA[[DB] created table students
[DB] created table courses
[DB] created table internships
[DB] Ready: jdbc:derby:memory:testdb;create=true
]]></system-out>
  </testcase>
</testsuite>